#
# A fatal error has been detected by the Java Runtime Environment:
#
#  Internal Error (javaClasses.cpp:129), pid=10260, tid=12084
#  fatal error: Invalid layout of preloaded class
#
# JRE version: 7.0_09-b05
# Java VM: Java HotSpot(TM) 64-Bit Server VM (23.5-b02 mixed mode windows-amd64 compressed oops)
# Failed to write core dump. Minidumps are not enabled by default on client versions of Windows
#
# If you would like to submit a bug report, please visit:
#   http://bugreport.sun.com/bugreport/crash.jsp
#

---------------  T H R E A D  ---------------

Current thread (0x000000000046c800):  JavaThread "Unknown thread" [_thread_in_vm, id=12084, stack(0x0000000002170000,0x0000000002270000)]

Stack: [0x0000000002170000,0x0000000002270000]

---------------  P R O C E S S  ---------------

Java Threads: ( => current thread )

Other Threads:

=>0x000000000046c800 (exited) JavaThread "Unknown thread" [_thread_in_vm, id=12084, stack(0x0000000002170000,0x0000000002270000)]

VM state:not at safepoint (not fully initialized)

VM Mutex/Monitor currently owned by a thread: None

GC Heap History (0 events):
No events

Deoptimization events (0 events):
No events

Internal exceptions (0 events):
No events

Events (10 events):
Event: 0.009 loading class 0x0000000001e3ac20 done
Event: 0.009 loading class 0x0000000001dfa740 done
Event: 0.009 loading class 0x0000000001dfa710
Event: 0.009 loading class 0x0000000001e48750
Event: 0.009 loading class 0x0000000001e48750 done
Event: 0.009 loading class 0x0000000001e48790
Event: 0.009 loading class 0x0000000001e48790 done
Event: 0.009 loading class 0x0000000008840120
Event: 0.009 loading class 0x0000000008840120 done
Event: 0.009 loading class 0x0000000001dfa710 done


Dynamic libraries:
0x000000013fe20000 - 0x000000013fe54000 	C:\Program Files\Java\jre7\bin\javaw.exe
0x0000000077340000 - 0x00000000774e9000 	C:\Windows\SYSTEM32\ntdll.dll
0x0000000076d70000 - 0x0000000076e8f000 	C:\Windows\system32\kernel32.dll
0x000007fefd3c0000 - 0x000007fefd42b000 	C:\Windows\system32\KERNELBASE.dll
0x000007feff570000 - 0x000007feff64b000 	C:\Windows\system32\ADVAPI32.dll
0x000007fefd5a0000 - 0x000007fefd63f000 	C:\Windows\system32\msvcrt.dll
0x000007fefd580000 - 0x000007fefd59f000 	C:\Windows\SYSTEM32\sechost.dll
0x000007fefd850000 - 0x000007fefd97d000 	C:\Windows\system32\RPCRT4.dll
0x0000000077240000 - 0x000000007733a000 	C:\Windows\system32\USER32.dll
0x000007fefdda0000 - 0x000007fefde07000 	C:\Windows\system32\GDI32.dll
0x000007feff330000 - 0x000007feff33e000 	C:\Windows\system32\LPK.dll
0x000007feff340000 - 0x000007feff409000 	C:\Windows\system32\USP10.dll
0x000007fefbae0000 - 0x000007fefbcd4000 	C:\Windows\WinSxS\amd64_microsoft.windows.common-controls_6595b64144ccf1df_6.0.7601.17514_none_fa396087175ac9ac\COMCTL32.dll
0x000007fefde10000 - 0x000007fefde81000 	C:\Windows\system32\SHLWAPI.dll
0x000007feff1c0000 - 0x000007feff1ee000 	C:\Windows\system32\IMM32.DLL
0x000007fefdc90000 - 0x000007fefdd99000 	C:\Windows\system32\MSCTF.dll
0x000000005f0f0000 - 0x000000005f1c1000 	C:\Program Files\Java\jre7\bin\msvcr100.dll
0x0000000058700000 - 0x0000000058e1f000 	C:\Program Files\Java\jre7\bin\server\jvm.dll
0x000007fefba80000 - 0x000007fefba89000 	C:\Windows\system32\WSOCK32.dll
0x000007fefd520000 - 0x000007fefd56d000 	C:\Windows\system32\WS2_32.dll
0x000007fefd570000 - 0x000007fefd578000 	C:\Windows\system32\NSI.dll
0x000007fef9eb0000 - 0x000007fef9eeb000 	C:\Windows\system32\WINMM.dll
0x0000000077510000 - 0x0000000077517000 	C:\Windows\system32\PSAPI.DLL
0x000000005f680000 - 0x000000005f68f000 	C:\Program Files\Java\jre7\bin\verify.dll
0x000000005cb30000 - 0x000000005cb58000 	C:\Program Files\Java\jre7\bin\java.dll
0x000000005f660000 - 0x000000005f675000 	C:\Program Files\Java\jre7\bin\zip.dll

VM Arguments:
jvm_args: -Dfile.encoding=Cp1252 -Xbootclasspath:C:\Users\minXak\AppData\Local\Android\android-sdk\platforms\android-19\android.jar 
java_command: org.eclipse.jdt.internal.junit.runner.RemoteTestRunner -version 3 -port 50772 -testLoaderClass org.eclipse.jdt.internal.junit.runner.junit3.JUnit3TestLoader -loaderpluginname org.eclipse.jdt.junit.runtime -classNames Tests.DiscoveryAlgorithmTest
Launcher Type: SUN_STANDARD

Environment Variables:
PATH=C:\Windows\system32;C:\Windows;C:\Windows\System32\Wbem;C:\Windows\System32\WindowsPowerShell\v1.0\;C:\Program Files (x86)\Microsoft SQL Server\100\Tools\Binn\;C:\Program Files\Microsoft SQL Server\100\Tools\Binn\;C:\Program Files\Microsoft SQL Server\100\DTS\Binn\;c:\Program Files (x86)\Microsoft ASP.NET\ASP.NET Web Pages\v1.0\;C:\Program Files\Microsoft SQL Server\110\Tools\Binn\;c:\Program Files (x86)\Java\jre7\bin\;C:\Program Files\Microsoft\Web Platform Installer\;C:\Program Files (x86)\OpenVPN\bin
USERNAME=minXak
OS=Windows_NT
PROCESSOR_IDENTIFIER=AMD64 Family 16 Model 10 Stepping 0, AuthenticAMD



---------------  S Y S T E M  ---------------

OS: Windows 7 , 64 bit Build 7601 Service Pack 1

CPU:total 6 (6 cores per cpu, 1 threads per core) family 16 model 10 stepping 0, cmov, cx8, fxsr, mmx, sse, sse2, sse3, popcnt, mmxext, 3dnowpref, lzcnt, sse4a, tsc, tscinvbit, tscinv

Memory: 4k page, physical 4193464k(1580688k free), swap 8385064k(4385048k free)

vm_info: Java HotSpot(TM) 64-Bit Server VM (23.5-b02) for windows-amd64 JRE (1.7.0_09-b05), built on Sep 24 2012 21:45:04 by "java_re" with unknown MS VC++:1600

time: Thu Mar 20 18:41:31 2014
elapsed time: 0 seconds

